<?xml version="1.0" encoding="UTF-8"?>
<!-- Generated by org.testng.reporters.JUnitReportReporter -->
<testsuite skipped="0" hostname="DESKTOP-5A0GL55" name="com.Phase3Project.End2EndTest" tests="1" failures="0" timestamp="11 Dec 2022 06:29:31 GMT" time="1.932" errors="0">
  <testcase name="TestEmp" time="1.932" classname="com.Phase3Project.End2EndTest"/>
</testsuite> <!-- com.Phase3Project.End2EndTest -->
